\BOOKMARK [1][-]{section.1}{Introduction}{}% 1
\BOOKMARK [2][-]{subsection.1.1}{The Hash function}{section.1}% 2
\BOOKMARK [3][-]{subsubsection.1.1.1}{Difference between hash code and hash function different title!}{subsection.1.1}% 3
\BOOKMARK [2][-]{subsection.1.2}{Ways of implementing the HashTable data structure }{section.1}% 4
\BOOKMARK [3][-]{subsubsection.1.2.1}{Open addressing}{subsection.1.2}% 5
\BOOKMARK [3][-]{subsubsection.1.2.2}{Chained hashing}{subsection.1.2}% 6
\BOOKMARK [3][-]{subsubsection.1.2.3}{Cuckoo Hashing}{subsection.1.2}% 7
\BOOKMARK [1][-]{section.2}{Programming languages}{}% 8
\BOOKMARK [2][-]{subsection.2.1}{Perl}{section.2}% 9
\BOOKMARK [3][-]{subsubsection.2.1.1}{Sources}{subsection.2.1}% 10
\BOOKMARK [3][-]{subsubsection.2.1.2}{HOW WE HASH}{subsection.2.1}% 11
\BOOKMARK [3][-]{subsubsection.2.1.3}{Explanation}{subsection.2.1}% 12
\BOOKMARK [2][-]{subsection.2.2}{Java}{section.2}% 13
\BOOKMARK [3][-]{subsubsection.2.2.1}{SOURCES}{subsection.2.2}% 14
\BOOKMARK [3][-]{subsubsection.2.2.2}{Explanation}{subsection.2.2}% 15
\BOOKMARK [2][-]{subsection.2.3}{C\043}{section.2}% 16
\BOOKMARK [3][-]{subsubsection.2.3.1}{Sources}{subsection.2.3}% 17
\BOOKMARK [2][-]{subsection.2.4}{How C\043 hashes Strings.}{section.2}% 18
\BOOKMARK [3][-]{subsubsection.2.4.1}{Explaniation, double hashing}{subsection.2.4}% 19
\BOOKMARK [3][-]{subsubsection.2.4.2}{Dictionary implementation C\043}{subsection.2.4}% 20
\BOOKMARK [2][-]{subsection.2.5}{PHP}{section.2}% 21
\BOOKMARK [3][-]{subsubsection.2.5.1}{Sources}{subsection.2.5}% 22
\BOOKMARK [3][-]{subsubsection.2.5.2}{Explanation}{subsection.2.5}% 23
\BOOKMARK [1][-]{section.3}{Discussion}{}% 24
\BOOKMARK [2][-]{subsection.3.1}{Programming languages hash codes}{section.3}% 25
\BOOKMARK [1][-]{section.4}{Conclusion}{}% 26
\BOOKMARK [1][-]{section.5}{Tmp global sourcelist}{}% 27
\BOOKMARK [1][-]{section*.1}{Appendices}{}% 28
\BOOKMARK [1][-]{Appendix.1.A}{Hash code function test code}{}% 29
\BOOKMARK [2][-]{subsection.1.A.1}{The C\043 test code}{Appendix.1.A}% 30
\BOOKMARK [2][-]{subsection.1.A.2}{The Java test code}{Appendix.1.A}% 31
\BOOKMARK [2][-]{subsection.1.A.3}{The Perl test code}{Appendix.1.A}% 32
\BOOKMARK [2][-]{subsection.1.A.4}{The PHP test code}{Appendix.1.A}% 33
